<?xml version="1.0" encoding="UTF-8"?>
<!-- Generated by org.testng.reporters.JUnitReportReporter -->
<testsuite hostname="DESKTOP-3CFO2EU" failures="0" tests="1" name="testcases.LoginTest" time="13.582" errors="0" timestamp="23 Apr 2023 05:02:11 GMT" skipped="0">
  <testcase classname="testcases.LoginTest" name="readFromXcel" time="13.582"/>
</testsuite> <!-- testcases.LoginTest -->
