<?xml version="1.0" encoding="UTF-8"?>
<!-- Generated by org.testng.reporters.JUnitReportReporter -->
<testsuite hostname="DESKTOP-3CFO2EU" failures="0" tests="2" name="testcases.LoginTest" time="26.521" errors="0" timestamp="22 Apr 2023 07:04:33 GMT" skipped="0">
  <testcase classname="testcases.LoginTest" name="verifyNavigation" time="3.944"/>
  <testcase classname="testcases.LoginTest" name="invalidLoginTest" time="22.577"/>
</testsuite> <!-- testcases.LoginTest -->
